[github.com/flipped-aurora/gin-vue-admin/server]2025-06-25 16:32:50.813	[34minfo[0m	D:/games/ga/gin-vue-admin-main/server/core/server_run.go:46	close WEB...
[github.com/flipped-aurora/gin-vue-admin/server]2025-06-25 16:32:50.815	[34minfo[0m	D:/games/ga/gin-vue-admin-main/server/core/server_run.go:57	WEB closed
[github.com/flipped-aurora/gin-vue-admin/server]2025-06-25 16:37:44.366	[34minfo[0m	D:/games/ga/gin-vue-admin-main/server/initialize/gorm.go:77	register table success
[github.com/flipped-aurora/gin-vue-admin/server]2025-06-25 16:37:44.367	[34minfo[0m	D:/games/ga/gin-vue-admin-main/server/initialize/redis.go:35	redis connect ping response:	{"name": "", "pong": "PONG"}
[github.com/flipped-aurora/gin-vue-admin/server]2025-06-25 16:37:44.371	[34minfo[0m	D:/games/ga/gin-vue-admin-main/server/initialize/router.go:71	register swagger handler
[github.com/flipped-aurora/gin-vue-admin/server]2025-06-25 16:37:44.407	[34minfo[0m	D:/games/ga/gin-vue-admin-main/server/initialize/router.go:120	router register success
[github.com/flipped-aurora/gin-vue-admin/server]2025-06-25 16:59:35.361	[34minfo[0m	D:/games/ga/gin-vue-admin-main/server/core/server_run.go:46	close WEB...
[github.com/flipped-aurora/gin-vue-admin/server]2025-06-25 16:59:35.363	[34minfo[0m	D:/games/ga/gin-vue-admin-main/server/core/server_run.go:57	WEB closed
[github.com/flipped-aurora/gin-vue-admin/server]2025-06-25 17:05:27.475	[34minfo[0m	D:/games/ga/gin-vue-admin-main/server/initialize/gorm.go:77	register table success
[github.com/flipped-aurora/gin-vue-admin/server]2025-06-25 17:05:27.476	[34minfo[0m	D:/games/ga/gin-vue-admin-main/server/initialize/redis.go:35	redis connect ping response:	{"name": "", "pong": "PONG"}
[github.com/flipped-aurora/gin-vue-admin/server]2025-06-25 17:05:27.478	[34minfo[0m	D:/games/ga/gin-vue-admin-main/server/initialize/router.go:71	register swagger handler
[github.com/flipped-aurora/gin-vue-admin/server]2025-06-25 17:05:27.503	[34minfo[0m	D:/games/ga/gin-vue-admin-main/server/initialize/router.go:120	router register success
[github.com/flipped-aurora/gin-vue-admin/server]2025-06-25 17:08:21.603	[34minfo[0m	D:/games/ga/gin-vue-admin-main/server/core/server_run.go:46	close WEB...
[github.com/flipped-aurora/gin-vue-admin/server]2025-06-25 17:08:21.603	[34minfo[0m	D:/games/ga/gin-vue-admin-main/server/core/server_run.go:57	WEB closed
[github.com/flipped-aurora/gin-vue-admin/server]2025-06-25 17:08:47.461	[34minfo[0m	D:/games/ga/gin-vue-admin-main/server/initialize/gorm.go:77	register table success
[github.com/flipped-aurora/gin-vue-admin/server]2025-06-25 17:08:47.463	[34minfo[0m	D:/games/ga/gin-vue-admin-main/server/initialize/redis.go:35	redis connect ping response:	{"name": "", "pong": "PONG"}
[github.com/flipped-aurora/gin-vue-admin/server]2025-06-25 17:08:47.466	[34minfo[0m	D:/games/ga/gin-vue-admin-main/server/initialize/router.go:71	register swagger handler
[github.com/flipped-aurora/gin-vue-admin/server]2025-06-25 17:08:47.489	[34minfo[0m	D:/games/ga/gin-vue-admin-main/server/initialize/router.go:120	router register success
[github.com/flipped-aurora/gin-vue-admin/server]2025-06-25 17:13:55.169	[34minfo[0m	D:/games/ga/gin-vue-admin-main/server/core/server_run.go:46	close WEB...
[github.com/flipped-aurora/gin-vue-admin/server]2025-06-25 17:13:55.174	[34minfo[0m	D:/games/ga/gin-vue-admin-main/server/core/server_run.go:57	WEB closed
[github.com/flipped-aurora/gin-vue-admin/server]2025-06-25 17:14:01.182	[34minfo[0m	D:/games/ga/gin-vue-admin-main/server/initialize/gorm.go:77	register table success
[github.com/flipped-aurora/gin-vue-admin/server]2025-06-25 17:14:01.183	[34minfo[0m	D:/games/ga/gin-vue-admin-main/server/initialize/redis.go:35	redis connect ping response:	{"name": "", "pong": "PONG"}
[github.com/flipped-aurora/gin-vue-admin/server]2025-06-25 17:14:01.185	[34minfo[0m	D:/games/ga/gin-vue-admin-main/server/initialize/router.go:71	register swagger handler
[github.com/flipped-aurora/gin-vue-admin/server]2025-06-25 17:14:01.216	[34minfo[0m	D:/games/ga/gin-vue-admin-main/server/initialize/router.go:120	router register success
[github.com/flipped-aurora/gin-vue-admin/server]2025-06-25 17:17:15.226	[34minfo[0m	D:/games/ga/gin-vue-admin-main/server/core/server_run.go:46	close WEB...
[github.com/flipped-aurora/gin-vue-admin/server]2025-06-25 17:17:15.228	[34minfo[0m	D:/games/ga/gin-vue-admin-main/server/core/server_run.go:57	WEB closed
[github.com/flipped-aurora/gin-vue-admin/server]2025-06-25 17:17:20.497	[34minfo[0m	D:/games/ga/gin-vue-admin-main/server/initialize/gorm.go:77	register table success
[github.com/flipped-aurora/gin-vue-admin/server]2025-06-25 17:17:20.498	[34minfo[0m	D:/games/ga/gin-vue-admin-main/server/initialize/redis.go:35	redis connect ping response:	{"name": "", "pong": "PONG"}
[github.com/flipped-aurora/gin-vue-admin/server]2025-06-25 17:17:20.500	[34minfo[0m	D:/games/ga/gin-vue-admin-main/server/initialize/router.go:71	register swagger handler
[github.com/flipped-aurora/gin-vue-admin/server]2025-06-25 17:17:20.522	[34minfo[0m	D:/games/ga/gin-vue-admin-main/server/initialize/router.go:120	router register success
[github.com/flipped-aurora/gin-vue-admin/server]2025-06-25 17:23:34.650	[34minfo[0m	D:/games/ga/gin-vue-admin-main/server/core/server_run.go:46	close WEB...
[github.com/flipped-aurora/gin-vue-admin/server]2025-06-25 17:23:34.653	[34minfo[0m	D:/games/ga/gin-vue-admin-main/server/core/server_run.go:57	WEB closed
[github.com/flipped-aurora/gin-vue-admin/server]2025-06-25 17:24:19.423	[34minfo[0m	D:/games/ga/gin-vue-admin-main/server/initialize/gorm.go:77	register table success
[github.com/flipped-aurora/gin-vue-admin/server]2025-06-25 17:24:19.424	[34minfo[0m	D:/games/ga/gin-vue-admin-main/server/initialize/redis.go:35	redis connect ping response:	{"name": "", "pong": "PONG"}
[github.com/flipped-aurora/gin-vue-admin/server]2025-06-25 17:24:19.427	[34minfo[0m	D:/games/ga/gin-vue-admin-main/server/initialize/router.go:71	register swagger handler
[github.com/flipped-aurora/gin-vue-admin/server]2025-06-25 17:24:19.452	[34minfo[0m	D:/games/ga/gin-vue-admin-main/server/initialize/router.go:120	router register success
[github.com/flipped-aurora/gin-vue-admin/server]2025-06-25 17:26:10.836	[34minfo[0m	D:/games/ga/gin-vue-admin-main/server/core/server_run.go:46	close WEB...
[github.com/flipped-aurora/gin-vue-admin/server]2025-06-25 17:26:10.836	[34minfo[0m	D:/games/ga/gin-vue-admin-main/server/core/server_run.go:57	WEB closed
[github.com/flipped-aurora/gin-vue-admin/server]2025-06-25 17:26:17.219	[34minfo[0m	D:/games/ga/gin-vue-admin-main/server/initialize/gorm.go:77	register table success
[github.com/flipped-aurora/gin-vue-admin/server]2025-06-25 17:26:17.220	[34minfo[0m	D:/games/ga/gin-vue-admin-main/server/initialize/redis.go:35	redis connect ping response:	{"name": "", "pong": "PONG"}
[github.com/flipped-aurora/gin-vue-admin/server]2025-06-25 17:26:17.224	[34minfo[0m	D:/games/ga/gin-vue-admin-main/server/initialize/router.go:71	register swagger handler
[github.com/flipped-aurora/gin-vue-admin/server]2025-06-25 17:26:17.248	[34minfo[0m	D:/games/ga/gin-vue-admin-main/server/initialize/router.go:120	router register success
[github.com/flipped-aurora/gin-vue-admin/server]2025-06-25 19:55:56.315	[34minfo[0m	D:/games/ga/gin-vue-admin-main/server/core/server_run.go:46	close WEB...
[github.com/flipped-aurora/gin-vue-admin/server]2025-06-25 19:55:56.319	[34minfo[0m	D:/games/ga/gin-vue-admin-main/server/core/server_run.go:57	WEB closed
[github.com/flipped-aurora/gin-vue-admin/server]2025-06-25 19:57:11.858	[34minfo[0m	D:/games/ga/gin-vue-admin-main/server/initialize/gorm.go:77	register table success
[github.com/flipped-aurora/gin-vue-admin/server]2025-06-25 19:57:11.860	[34minfo[0m	D:/games/ga/gin-vue-admin-main/server/initialize/redis.go:35	redis connect ping response:	{"name": "", "pong": "PONG"}
[github.com/flipped-aurora/gin-vue-admin/server]2025-06-25 19:57:11.863	[34minfo[0m	D:/games/ga/gin-vue-admin-main/server/initialize/router.go:71	register swagger handler
[github.com/flipped-aurora/gin-vue-admin/server]2025-06-25 19:57:11.892	[34minfo[0m	D:/games/ga/gin-vue-admin-main/server/initialize/router.go:120	router register success
[github.com/flipped-aurora/gin-vue-admin/server]2025-06-25 20:00:52.042	[34minfo[0m	D:/games/ga/gin-vue-admin-main/server/core/server_run.go:46	close WEB...
[github.com/flipped-aurora/gin-vue-admin/server]2025-06-25 20:00:52.043	[34minfo[0m	D:/games/ga/gin-vue-admin-main/server/core/server_run.go:57	WEB closed
[github.com/flipped-aurora/gin-vue-admin/server]2025-06-25 20:00:58.199	[34minfo[0m	D:/games/ga/gin-vue-admin-main/server/initialize/gorm.go:77	register table success
[github.com/flipped-aurora/gin-vue-admin/server]2025-06-25 20:00:58.200	[34minfo[0m	D:/games/ga/gin-vue-admin-main/server/initialize/redis.go:35	redis connect ping response:	{"name": "", "pong": "PONG"}
[github.com/flipped-aurora/gin-vue-admin/server]2025-06-25 20:00:58.202	[34minfo[0m	D:/games/ga/gin-vue-admin-main/server/initialize/router.go:71	register swagger handler
[github.com/flipped-aurora/gin-vue-admin/server]2025-06-25 20:00:58.229	[34minfo[0m	D:/games/ga/gin-vue-admin-main/server/initialize/router.go:120	router register success
[github.com/flipped-aurora/gin-vue-admin/server]2025-06-25 20:02:27.470	[34minfo[0m	D:/games/ga/gin-vue-admin-main/server/core/server_run.go:46	close WEB...
[github.com/flipped-aurora/gin-vue-admin/server]2025-06-25 20:02:27.473	[34minfo[0m	D:/games/ga/gin-vue-admin-main/server/core/server_run.go:57	WEB closed
[github.com/flipped-aurora/gin-vue-admin/server]2025-06-25 20:02:33.014	[34minfo[0m	D:/games/ga/gin-vue-admin-main/server/initialize/gorm.go:77	register table success
[github.com/flipped-aurora/gin-vue-admin/server]2025-06-25 20:02:33.015	[34minfo[0m	D:/games/ga/gin-vue-admin-main/server/initialize/redis.go:35	redis connect ping response:	{"name": "", "pong": "PONG"}
[github.com/flipped-aurora/gin-vue-admin/server]2025-06-25 20:02:33.018	[34minfo[0m	D:/games/ga/gin-vue-admin-main/server/initialize/router.go:71	register swagger handler
[github.com/flipped-aurora/gin-vue-admin/server]2025-06-25 20:02:33.046	[34minfo[0m	D:/games/ga/gin-vue-admin-main/server/initialize/router.go:120	router register success
[github.com/flipped-aurora/gin-vue-admin/server]2025-06-25 20:15:47.475	[34minfo[0m	D:/games/ga/gin-vue-admin-main/server/core/server_run.go:46	close WEB...
[github.com/flipped-aurora/gin-vue-admin/server]2025-06-25 20:15:47.480	[34minfo[0m	D:/games/ga/gin-vue-admin-main/server/core/server_run.go:57	WEB closed
[github.com/flipped-aurora/gin-vue-admin/server]2025-06-25 20:16:13.164	[34minfo[0m	D:/games/ga/gin-vue-admin-main/server/initialize/gorm.go:77	register table success
[github.com/flipped-aurora/gin-vue-admin/server]2025-06-25 20:16:13.165	[34minfo[0m	D:/games/ga/gin-vue-admin-main/server/initialize/redis.go:35	redis connect ping response:	{"name": "", "pong": "PONG"}
[github.com/flipped-aurora/gin-vue-admin/server]2025-06-25 20:16:13.167	[34minfo[0m	D:/games/ga/gin-vue-admin-main/server/initialize/router.go:71	register swagger handler
[github.com/flipped-aurora/gin-vue-admin/server]2025-06-25 20:16:13.191	[34minfo[0m	D:/games/ga/gin-vue-admin-main/server/initialize/router.go:120	router register success
[github.com/flipped-aurora/gin-vue-admin/server]2025-06-25 20:18:40.138	[34minfo[0m	D:/games/ga/gin-vue-admin-main/server/core/server_run.go:46	close WEB...
[github.com/flipped-aurora/gin-vue-admin/server]2025-06-25 20:18:40.138	[34minfo[0m	D:/games/ga/gin-vue-admin-main/server/core/server_run.go:57	WEB closed
[github.com/flipped-aurora/gin-vue-admin/server]2025-06-25 20:18:46.106	[34minfo[0m	D:/games/ga/gin-vue-admin-main/server/initialize/gorm.go:77	register table success
[github.com/flipped-aurora/gin-vue-admin/server]2025-06-25 20:18:46.108	[34minfo[0m	D:/games/ga/gin-vue-admin-main/server/initialize/redis.go:35	redis connect ping response:	{"name": "", "pong": "PONG"}
[github.com/flipped-aurora/gin-vue-admin/server]2025-06-25 20:18:46.110	[34minfo[0m	D:/games/ga/gin-vue-admin-main/server/initialize/router.go:71	register swagger handler
[github.com/flipped-aurora/gin-vue-admin/server]2025-06-25 20:18:46.144	[34minfo[0m	D:/games/ga/gin-vue-admin-main/server/initialize/router.go:120	router register success
[github.com/flipped-aurora/gin-vue-admin/server]2025-06-25 20:35:09.257	[34minfo[0m	D:/games/ga/gin-vue-admin-main/server/core/server_run.go:46	close WEB...
[github.com/flipped-aurora/gin-vue-admin/server]2025-06-25 20:35:09.263	[34minfo[0m	D:/games/ga/gin-vue-admin-main/server/core/server_run.go:57	WEB closed
[github.com/flipped-aurora/gin-vue-admin/server]2025-06-25 20:35:15.791	[34minfo[0m	D:/games/ga/gin-vue-admin-main/server/initialize/gorm.go:77	register table success
[github.com/flipped-aurora/gin-vue-admin/server]2025-06-25 20:35:15.792	[34minfo[0m	D:/games/ga/gin-vue-admin-main/server/initialize/redis.go:35	redis connect ping response:	{"name": "", "pong": "PONG"}
[github.com/flipped-aurora/gin-vue-admin/server]2025-06-25 20:35:15.794	[34minfo[0m	D:/games/ga/gin-vue-admin-main/server/initialize/router.go:71	register swagger handler
[github.com/flipped-aurora/gin-vue-admin/server]2025-06-25 20:35:15.823	[34minfo[0m	D:/games/ga/gin-vue-admin-main/server/initialize/router.go:120	router register success
[github.com/flipped-aurora/gin-vue-admin/server]2025-06-25 20:37:37.683	[34minfo[0m	D:/games/ga/gin-vue-admin-main/server/core/server_run.go:46	close WEB...
[github.com/flipped-aurora/gin-vue-admin/server]2025-06-25 20:37:37.683	[34minfo[0m	D:/games/ga/gin-vue-admin-main/server/core/server_run.go:57	WEB closed
[github.com/flipped-aurora/gin-vue-admin/server]2025-06-25 20:37:43.388	[34minfo[0m	D:/games/ga/gin-vue-admin-main/server/initialize/gorm.go:77	register table success
[github.com/flipped-aurora/gin-vue-admin/server]2025-06-25 20:37:43.389	[34minfo[0m	D:/games/ga/gin-vue-admin-main/server/initialize/redis.go:35	redis connect ping response:	{"name": "", "pong": "PONG"}
[github.com/flipped-aurora/gin-vue-admin/server]2025-06-25 20:37:43.391	[34minfo[0m	D:/games/ga/gin-vue-admin-main/server/initialize/router.go:71	register swagger handler
[github.com/flipped-aurora/gin-vue-admin/server]2025-06-25 20:37:43.416	[34minfo[0m	D:/games/ga/gin-vue-admin-main/server/initialize/router.go:120	router register success
[github.com/flipped-aurora/gin-vue-admin/server]2025-06-25 20:40:38.312	[34minfo[0m	D:/games/ga/gin-vue-admin-main/server/core/server_run.go:46	close WEB...
[github.com/flipped-aurora/gin-vue-admin/server]2025-06-25 20:40:38.317	[34minfo[0m	D:/games/ga/gin-vue-admin-main/server/core/server_run.go:57	WEB closed
[github.com/flipped-aurora/gin-vue-admin/server]2025-06-25 20:40:43.540	[34minfo[0m	D:/games/ga/gin-vue-admin-main/server/initialize/gorm.go:77	register table success
[github.com/flipped-aurora/gin-vue-admin/server]2025-06-25 20:40:43.541	[34minfo[0m	D:/games/ga/gin-vue-admin-main/server/initialize/redis.go:35	redis connect ping response:	{"name": "", "pong": "PONG"}
[github.com/flipped-aurora/gin-vue-admin/server]2025-06-25 20:40:43.543	[34minfo[0m	D:/games/ga/gin-vue-admin-main/server/initialize/router.go:71	register swagger handler
[github.com/flipped-aurora/gin-vue-admin/server]2025-06-25 20:40:43.571	[34minfo[0m	D:/games/ga/gin-vue-admin-main/server/initialize/router.go:120	router register success
[github.com/flipped-aurora/gin-vue-admin/server]2025-06-25 20:43:44.052	[34minfo[0m	D:/games/ga/gin-vue-admin-main/server/core/server_run.go:46	close WEB...
[github.com/flipped-aurora/gin-vue-admin/server]2025-06-25 20:43:44.057	[34minfo[0m	D:/games/ga/gin-vue-admin-main/server/core/server_run.go:57	WEB closed
[github.com/flipped-aurora/gin-vue-admin/server]2025-06-25 20:43:49.699	[34minfo[0m	D:/games/ga/gin-vue-admin-main/server/initialize/gorm.go:77	register table success
[github.com/flipped-aurora/gin-vue-admin/server]2025-06-25 20:43:49.700	[34minfo[0m	D:/games/ga/gin-vue-admin-main/server/initialize/redis.go:35	redis connect ping response:	{"name": "", "pong": "PONG"}
[github.com/flipped-aurora/gin-vue-admin/server]2025-06-25 20:43:49.702	[34minfo[0m	D:/games/ga/gin-vue-admin-main/server/initialize/router.go:71	register swagger handler
[github.com/flipped-aurora/gin-vue-admin/server]2025-06-25 20:43:49.730	[34minfo[0m	D:/games/ga/gin-vue-admin-main/server/initialize/router.go:120	router register success
[github.com/flipped-aurora/gin-vue-admin/server]2025-06-25 20:44:27.139	[34minfo[0m	D:/games/ga/gin-vue-admin-main/server/core/server_run.go:46	close WEB...
[github.com/flipped-aurora/gin-vue-admin/server]2025-06-25 20:44:27.140	[34minfo[0m	D:/games/ga/gin-vue-admin-main/server/core/server_run.go:57	WEB closed
[github.com/flipped-aurora/gin-vue-admin/server]2025-06-25 20:44:32.895	[34minfo[0m	D:/games/ga/gin-vue-admin-main/server/initialize/gorm.go:77	register table success
[github.com/flipped-aurora/gin-vue-admin/server]2025-06-25 20:44:32.897	[34minfo[0m	D:/games/ga/gin-vue-admin-main/server/initialize/redis.go:35	redis connect ping response:	{"name": "", "pong": "PONG"}
[github.com/flipped-aurora/gin-vue-admin/server]2025-06-25 20:44:32.899	[34minfo[0m	D:/games/ga/gin-vue-admin-main/server/initialize/router.go:71	register swagger handler
[github.com/flipped-aurora/gin-vue-admin/server]2025-06-25 20:44:32.927	[34minfo[0m	D:/games/ga/gin-vue-admin-main/server/initialize/router.go:120	router register success
[github.com/flipped-aurora/gin-vue-admin/server]2025-06-25 20:46:50.051	[34minfo[0m	D:/games/ga/gin-vue-admin-main/server/core/server_run.go:46	close WEB...
[github.com/flipped-aurora/gin-vue-admin/server]2025-06-25 20:46:50.053	[34minfo[0m	D:/games/ga/gin-vue-admin-main/server/core/server_run.go:57	WEB closed
[github.com/flipped-aurora/gin-vue-admin/server]2025-06-25 20:46:56.622	[34minfo[0m	D:/games/ga/gin-vue-admin-main/server/initialize/gorm.go:77	register table success
[github.com/flipped-aurora/gin-vue-admin/server]2025-06-25 20:46:56.623	[34minfo[0m	D:/games/ga/gin-vue-admin-main/server/initialize/redis.go:35	redis connect ping response:	{"name": "", "pong": "PONG"}
[github.com/flipped-aurora/gin-vue-admin/server]2025-06-25 20:46:56.625	[34minfo[0m	D:/games/ga/gin-vue-admin-main/server/initialize/router.go:71	register swagger handler
[github.com/flipped-aurora/gin-vue-admin/server]2025-06-25 20:46:56.657	[34minfo[0m	D:/games/ga/gin-vue-admin-main/server/initialize/router.go:120	router register success
[github.com/flipped-aurora/gin-vue-admin/server]2025-06-25 20:47:05.023	[34minfo[0m	D:/games/ga/gin-vue-admin-main/server/api/v1/api/payment_transactions.go:413	æç°ç”³è¯·æˆåŠŸ	{"userId": 1061, "merchantOrderNo": "ORDER_1750855624", "orderNo": "F2506251034056993Ob", "amount": 100, "status": "WAITING_PAY"}
[github.com/flipped-aurora/gin-vue-admin/server]2025-06-25 21:15:42.451	[34minfo[0m	D:/games/ga/gin-vue-admin-main/server/core/server_run.go:46	close WEB...
[github.com/flipped-aurora/gin-vue-admin/server]2025-06-25 21:15:42.453	[34minfo[0m	D:/games/ga/gin-vue-admin-main/server/core/server_run.go:57	WEB closed
[github.com/flipped-aurora/gin-vue-admin/server]2025-06-25 21:16:30.727	[34minfo[0m	D:/games/ga/gin-vue-admin-main/server/initialize/gorm.go:77	register table success
[github.com/flipped-aurora/gin-vue-admin/server]2025-06-25 21:16:30.728	[34minfo[0m	D:/games/ga/gin-vue-admin-main/server/initialize/redis.go:35	redis connect ping response:	{"name": "", "pong": "PONG"}
[github.com/flipped-aurora/gin-vue-admin/server]2025-06-25 21:16:30.730	[34minfo[0m	D:/games/ga/gin-vue-admin-main/server/initialize/router.go:71	register swagger handler
[github.com/flipped-aurora/gin-vue-admin/server]2025-06-25 21:16:30.754	[34minfo[0m	D:/games/ga/gin-vue-admin-main/server/initialize/router.go:120	router register success
[github.com/flipped-aurora/gin-vue-admin/server]2025-06-25 21:16:55.874	[34minfo[0m	D:/games/ga/gin-vue-admin-main/server/api/v1/api/payment_transactions.go:413	æç°ç”³è¯·æˆåŠŸ	{"userId": 1061, "merchantOrderNo": "ORDER_1750857414", "orderNo": "F2506251034161680MM", "amount": 100, "status": "WAITING_PAY"}
