[github.com/flipped-aurora/gin-vue-admin/server]2025-06-23 14:12:34.047	[34minfo[0m	D:/games/ga/gin-vue-admin-main/server/core/server_run.go:46	close WEB...
[github.com/flipped-aurora/gin-vue-admin/server]2025-06-23 14:12:34.058	[34minfo[0m	D:/games/ga/gin-vue-admin-main/server/core/server_run.go:57	WEB closed
[github.com/flipped-aurora/gin-vue-admin/server]2025-06-23 14:15:43.897	[34minfo[0m	D:/games/ga/gin-vue-admin-main/server/initialize/gorm.go:77	register table success
[github.com/flipped-aurora/gin-vue-admin/server]2025-06-23 14:15:43.900	[34minfo[0m	D:/games/ga/gin-vue-admin-main/server/initialize/redis.go:35	redis connect ping response:	{"name": "", "pong": "PONG"}
[github.com/flipped-aurora/gin-vue-admin/server]2025-06-23 14:15:43.905	[34minfo[0m	D:/games/ga/gin-vue-admin-main/server/initialize/router.go:71	register swagger handler
[github.com/flipped-aurora/gin-vue-admin/server]2025-06-23 14:15:43.942	[34minfo[0m	D:/games/ga/gin-vue-admin-main/server/initialize/router.go:120	router register success
[github.com/flipped-aurora/gin-vue-admin/server]2025-06-23 14:17:49.098	[34minfo[0m	D:/games/ga/gin-vue-admin-main/server/initialize/gorm.go:77	register table success
[github.com/flipped-aurora/gin-vue-admin/server]2025-06-23 14:17:49.099	[34minfo[0m	D:/games/ga/gin-vue-admin-main/server/initialize/redis.go:35	redis connect ping response:	{"name": "", "pong": "PONG"}
[github.com/flipped-aurora/gin-vue-admin/server]2025-06-23 14:17:49.105	[34minfo[0m	D:/games/ga/gin-vue-admin-main/server/initialize/router.go:71	register swagger handler
[github.com/flipped-aurora/gin-vue-admin/server]2025-06-23 14:17:49.133	[34minfo[0m	D:/games/ga/gin-vue-admin-main/server/initialize/router.go:120	router register success
[github.com/flipped-aurora/gin-vue-admin/server]2025-06-23 14:19:09.306	[34minfo[0m	D:/games/ga/gin-vue-admin-main/server/core/server_run.go:46	close WEB...
[github.com/flipped-aurora/gin-vue-admin/server]2025-06-23 14:19:09.309	[34minfo[0m	D:/games/ga/gin-vue-admin-main/server/core/server_run.go:57	WEB closed
[github.com/flipped-aurora/gin-vue-admin/server]2025-06-23 14:19:15.761	[34minfo[0m	D:/games/ga/gin-vue-admin-main/server/initialize/gorm.go:77	register table success
[github.com/flipped-aurora/gin-vue-admin/server]2025-06-23 14:19:15.762	[34minfo[0m	D:/games/ga/gin-vue-admin-main/server/initialize/redis.go:35	redis connect ping response:	{"name": "", "pong": "PONG"}
[github.com/flipped-aurora/gin-vue-admin/server]2025-06-23 14:19:15.768	[34minfo[0m	D:/games/ga/gin-vue-admin-main/server/initialize/router.go:71	register swagger handler
[github.com/flipped-aurora/gin-vue-admin/server]2025-06-23 14:19:15.806	[34minfo[0m	D:/games/ga/gin-vue-admin-main/server/initialize/router.go:120	router register success
[github.com/flipped-aurora/gin-vue-admin/server]2025-06-23 14:19:28.469	[34minfo[0m	D:/games/ga/gin-vue-admin-main/server/core/server_run.go:46	close WEB...
[github.com/flipped-aurora/gin-vue-admin/server]2025-06-23 14:19:28.469	[34minfo[0m	D:/games/ga/gin-vue-admin-main/server/core/server_run.go:57	WEB closed
[github.com/flipped-aurora/gin-vue-admin/server]2025-06-23 14:19:44.426	[34minfo[0m	D:/games/ga/gin-vue-admin-main/server/initialize/gorm.go:77	register table success
[github.com/flipped-aurora/gin-vue-admin/server]2025-06-23 14:19:44.428	[34minfo[0m	D:/games/ga/gin-vue-admin-main/server/initialize/redis.go:35	redis connect ping response:	{"name": "", "pong": "PONG"}
[github.com/flipped-aurora/gin-vue-admin/server]2025-06-23 14:19:44.432	[34minfo[0m	D:/games/ga/gin-vue-admin-main/server/initialize/router.go:71	register swagger handler
[github.com/flipped-aurora/gin-vue-admin/server]2025-06-23 14:19:44.462	[34minfo[0m	D:/games/ga/gin-vue-admin-main/server/initialize/router.go:120	router register success
[github.com/flipped-aurora/gin-vue-admin/server]2025-06-23 14:20:45.412	[34minfo[0m	D:/games/ga/gin-vue-admin-main/server/core/server_run.go:46	close WEB...
[github.com/flipped-aurora/gin-vue-admin/server]2025-06-23 14:20:45.413	[34minfo[0m	D:/games/ga/gin-vue-admin-main/server/core/server_run.go:57	WEB closed
[github.com/flipped-aurora/gin-vue-admin/server]2025-06-23 14:21:10.534	[34minfo[0m	D:/games/ga/gin-vue-admin-main/server/initialize/gorm.go:77	register table success
[github.com/flipped-aurora/gin-vue-admin/server]2025-06-23 14:21:10.536	[34minfo[0m	D:/games/ga/gin-vue-admin-main/server/initialize/redis.go:35	redis connect ping response:	{"name": "", "pong": "PONG"}
[github.com/flipped-aurora/gin-vue-admin/server]2025-06-23 14:21:10.539	[34minfo[0m	D:/games/ga/gin-vue-admin-main/server/initialize/router.go:71	register swagger handler
[github.com/flipped-aurora/gin-vue-admin/server]2025-06-23 14:21:10.567	[34minfo[0m	D:/games/ga/gin-vue-admin-main/server/initialize/router.go:120	router register success
[github.com/flipped-aurora/gin-vue-admin/server]2025-06-23 14:24:56.301	[34minfo[0m	D:/games/ga/gin-vue-admin-main/server/core/server_run.go:46	close WEB...
[github.com/flipped-aurora/gin-vue-admin/server]2025-06-23 14:24:56.302	[34minfo[0m	D:/games/ga/gin-vue-admin-main/server/core/server_run.go:57	WEB closed
[github.com/flipped-aurora/gin-vue-admin/server]2025-06-23 14:25:14.688	[34minfo[0m	D:/games/ga/gin-vue-admin-main/server/initialize/gorm.go:77	register table success
[github.com/flipped-aurora/gin-vue-admin/server]2025-06-23 14:25:14.690	[34minfo[0m	D:/games/ga/gin-vue-admin-main/server/initialize/redis.go:35	redis connect ping response:	{"name": "", "pong": "PONG"}
[github.com/flipped-aurora/gin-vue-admin/server]2025-06-23 14:25:14.695	[34minfo[0m	D:/games/ga/gin-vue-admin-main/server/initialize/router.go:71	register swagger handler
[github.com/flipped-aurora/gin-vue-admin/server]2025-06-23 14:25:14.725	[34minfo[0m	D:/games/ga/gin-vue-admin-main/server/initialize/router.go:120	router register success
[github.com/flipped-aurora/gin-vue-admin/server]2025-06-23 14:27:36.045	[34minfo[0m	D:/games/ga/gin-vue-admin-main/server/core/server_run.go:46	close WEB...
[github.com/flipped-aurora/gin-vue-admin/server]2025-06-23 14:27:36.046	[34minfo[0m	D:/games/ga/gin-vue-admin-main/server/core/server_run.go:57	WEB closed
[github.com/flipped-aurora/gin-vue-admin/server]2025-06-23 14:27:42.467	[34minfo[0m	D:/games/ga/gin-vue-admin-main/server/initialize/gorm.go:77	register table success
[github.com/flipped-aurora/gin-vue-admin/server]2025-06-23 14:27:42.469	[34minfo[0m	D:/games/ga/gin-vue-admin-main/server/initialize/redis.go:35	redis connect ping response:	{"name": "", "pong": "PONG"}
[github.com/flipped-aurora/gin-vue-admin/server]2025-06-23 14:27:42.474	[34minfo[0m	D:/games/ga/gin-vue-admin-main/server/initialize/router.go:71	register swagger handler
[github.com/flipped-aurora/gin-vue-admin/server]2025-06-23 14:27:42.502	[34minfo[0m	D:/games/ga/gin-vue-admin-main/server/initialize/router.go:120	router register success
[github.com/flipped-aurora/gin-vue-admin/server]2025-06-23 14:28:31.998	[34minfo[0m	D:/games/ga/gin-vue-admin-main/server/core/server_run.go:46	close WEB...
[github.com/flipped-aurora/gin-vue-admin/server]2025-06-23 14:28:32.000	[34minfo[0m	D:/games/ga/gin-vue-admin-main/server/core/server_run.go:57	WEB closed
[github.com/flipped-aurora/gin-vue-admin/server]2025-06-23 14:28:40.918	[34minfo[0m	D:/games/ga/gin-vue-admin-main/server/initialize/gorm.go:77	register table success
[github.com/flipped-aurora/gin-vue-admin/server]2025-06-23 14:28:40.920	[34minfo[0m	D:/games/ga/gin-vue-admin-main/server/initialize/redis.go:35	redis connect ping response:	{"name": "", "pong": "PONG"}
[github.com/flipped-aurora/gin-vue-admin/server]2025-06-23 14:28:40.923	[34minfo[0m	D:/games/ga/gin-vue-admin-main/server/initialize/router.go:71	register swagger handler
[github.com/flipped-aurora/gin-vue-admin/server]2025-06-23 14:28:40.959	[34minfo[0m	D:/games/ga/gin-vue-admin-main/server/initialize/router.go:120	router register success
[github.com/flipped-aurora/gin-vue-admin/server]2025-06-23 14:28:54.835	[34minfo[0m	D:/games/ga/gin-vue-admin-main/server/core/server_run.go:46	close WEB...
[github.com/flipped-aurora/gin-vue-admin/server]2025-06-23 14:28:54.835	[34minfo[0m	D:/games/ga/gin-vue-admin-main/server/core/server_run.go:57	WEB closed
[github.com/flipped-aurora/gin-vue-admin/server]2025-06-23 14:29:01.102	[34minfo[0m	D:/games/ga/gin-vue-admin-main/server/initialize/gorm.go:77	register table success
[github.com/flipped-aurora/gin-vue-admin/server]2025-06-23 14:29:01.105	[34minfo[0m	D:/games/ga/gin-vue-admin-main/server/initialize/redis.go:35	redis connect ping response:	{"name": "", "pong": "PONG"}
[github.com/flipped-aurora/gin-vue-admin/server]2025-06-23 14:29:01.110	[34minfo[0m	D:/games/ga/gin-vue-admin-main/server/initialize/router.go:71	register swagger handler
[github.com/flipped-aurora/gin-vue-admin/server]2025-06-23 14:29:01.144	[34minfo[0m	D:/games/ga/gin-vue-admin-main/server/initialize/router.go:120	router register success
[github.com/flipped-aurora/gin-vue-admin/server]2025-06-23 14:31:25.485	[34minfo[0m	D:/games/ga/gin-vue-admin-main/server/core/server_run.go:46	close WEB...
[github.com/flipped-aurora/gin-vue-admin/server]2025-06-23 14:31:25.485	[34minfo[0m	D:/games/ga/gin-vue-admin-main/server/core/server_run.go:57	WEB closed
[github.com/flipped-aurora/gin-vue-admin/server]2025-06-23 14:35:13.274	[34minfo[0m	D:/games/ga/gin-vue-admin-main/server/initialize/gorm.go:77	register table success
[github.com/flipped-aurora/gin-vue-admin/server]2025-06-23 14:35:13.275	[34minfo[0m	D:/games/ga/gin-vue-admin-main/server/initialize/redis.go:35	redis connect ping response:	{"name": "", "pong": "PONG"}
[github.com/flipped-aurora/gin-vue-admin/server]2025-06-23 14:35:13.278	[34minfo[0m	D:/games/ga/gin-vue-admin-main/server/initialize/router.go:71	register swagger handler
[github.com/flipped-aurora/gin-vue-admin/server]2025-06-23 14:35:13.311	[34minfo[0m	D:/games/ga/gin-vue-admin-main/server/initialize/router.go:120	router register success
[github.com/flipped-aurora/gin-vue-admin/server]2025-06-23 14:41:16.954	[34minfo[0m	D:/games/ga/gin-vue-admin-main/server/core/server_run.go:46	close WEB...
[github.com/flipped-aurora/gin-vue-admin/server]2025-06-23 14:41:16.955	[34minfo[0m	D:/games/ga/gin-vue-admin-main/server/core/server_run.go:57	WEB closed
[github.com/flipped-aurora/gin-vue-admin/server]2025-06-23 14:41:24.127	[34minfo[0m	D:/games/ga/gin-vue-admin-main/server/initialize/gorm.go:77	register table success
[github.com/flipped-aurora/gin-vue-admin/server]2025-06-23 14:41:24.128	[34minfo[0m	D:/games/ga/gin-vue-admin-main/server/initialize/redis.go:35	redis connect ping response:	{"name": "", "pong": "PONG"}
[github.com/flipped-aurora/gin-vue-admin/server]2025-06-23 14:41:24.132	[34minfo[0m	D:/games/ga/gin-vue-admin-main/server/initialize/router.go:71	register swagger handler
[github.com/flipped-aurora/gin-vue-admin/server]2025-06-23 14:41:24.168	[34minfo[0m	D:/games/ga/gin-vue-admin-main/server/initialize/router.go:120	router register success
[github.com/flipped-aurora/gin-vue-admin/server]2025-06-23 14:42:19.548	[34minfo[0m	D:/games/ga/gin-vue-admin-main/server/core/server_run.go:46	close WEB...
[github.com/flipped-aurora/gin-vue-admin/server]2025-06-23 14:42:19.549	[34minfo[0m	D:/games/ga/gin-vue-admin-main/server/core/server_run.go:57	WEB closed
[github.com/flipped-aurora/gin-vue-admin/server]2025-06-23 14:42:25.896	[34minfo[0m	D:/games/ga/gin-vue-admin-main/server/initialize/gorm.go:77	register table success
[github.com/flipped-aurora/gin-vue-admin/server]2025-06-23 14:42:25.898	[34minfo[0m	D:/games/ga/gin-vue-admin-main/server/initialize/redis.go:35	redis connect ping response:	{"name": "", "pong": "PONG"}
[github.com/flipped-aurora/gin-vue-admin/server]2025-06-23 14:42:25.901	[34minfo[0m	D:/games/ga/gin-vue-admin-main/server/initialize/router.go:71	register swagger handler
[github.com/flipped-aurora/gin-vue-admin/server]2025-06-23 14:42:25.930	[34minfo[0m	D:/games/ga/gin-vue-admin-main/server/initialize/router.go:120	router register success
[github.com/flipped-aurora/gin-vue-admin/server]2025-06-23 14:51:04.720	[34minfo[0m	D:/games/ga/gin-vue-admin-main/server/core/server_run.go:46	close WEB...
[github.com/flipped-aurora/gin-vue-admin/server]2025-06-23 14:51:04.721	[34minfo[0m	D:/games/ga/gin-vue-admin-main/server/core/server_run.go:57	WEB closed
[github.com/flipped-aurora/gin-vue-admin/server]2025-06-23 14:51:12.922	[34minfo[0m	D:/games/ga/gin-vue-admin-main/server/initialize/gorm.go:77	register table success
[github.com/flipped-aurora/gin-vue-admin/server]2025-06-23 14:51:12.924	[34minfo[0m	D:/games/ga/gin-vue-admin-main/server/initialize/redis.go:35	redis connect ping response:	{"name": "", "pong": "PONG"}
[github.com/flipped-aurora/gin-vue-admin/server]2025-06-23 14:51:12.927	[34minfo[0m	D:/games/ga/gin-vue-admin-main/server/initialize/router.go:71	register swagger handler
[github.com/flipped-aurora/gin-vue-admin/server]2025-06-23 14:51:12.956	[34minfo[0m	D:/games/ga/gin-vue-admin-main/server/initialize/router.go:120	router register success
[github.com/flipped-aurora/gin-vue-admin/server]2025-06-23 16:48:27.316	[34minfo[0m	D:/games/ga/gin-vue-admin-main/server/core/server_run.go:46	close WEB...
[github.com/flipped-aurora/gin-vue-admin/server]2025-06-23 16:48:27.320	[34minfo[0m	D:/games/ga/gin-vue-admin-main/server/core/server_run.go:57	WEB closed
[github.com/flipped-aurora/gin-vue-admin/server]2025-06-23 16:49:29.964	[34minfo[0m	D:/games/ga/gin-vue-admin-main/server/initialize/gorm.go:77	register table success
[github.com/flipped-aurora/gin-vue-admin/server]2025-06-23 16:49:29.967	[34minfo[0m	D:/games/ga/gin-vue-admin-main/server/initialize/redis.go:35	redis connect ping response:	{"name": "", "pong": "PONG"}
[github.com/flipped-aurora/gin-vue-admin/server]2025-06-23 16:49:29.972	[34minfo[0m	D:/games/ga/gin-vue-admin-main/server/initialize/router.go:71	register swagger handler
[github.com/flipped-aurora/gin-vue-admin/server]2025-06-23 16:49:30.010	[34minfo[0m	D:/games/ga/gin-vue-admin-main/server/initialize/router.go:120	router register success
[github.com/flipped-aurora/gin-vue-admin/server]2025-06-23 17:38:19.472	[34minfo[0m	/Users/ll/Downloads/wurenzhibo/games/initialize/gorm.go:77	register table success
[github.com/flipped-aurora/gin-vue-admin/server]2025-06-23 17:38:19.488	[34minfo[0m	/Users/ll/Downloads/wurenzhibo/games/initialize/redis.go:35	redis connect ping response:	{"name": "", "pong": "PONG"}
[github.com/flipped-aurora/gin-vue-admin/server]2025-06-23 17:38:19.511	[34minfo[0m	/Users/ll/Downloads/wurenzhibo/games/initialize/router.go:71	register swagger handler
[github.com/flipped-aurora/gin-vue-admin/server]2025-06-23 17:38:19.641	[34minfo[0m	/Users/ll/Downloads/wurenzhibo/games/initialize/router.go:120	router register success
