[github.com/flipped-aurora/gin-vue-admin/server]2025-06-16 11:32:43.275	[31merror[0m	D:/games/ga/gin-vue-admin-main/server/utils/claims.go:82	redis key is empty or nil
[github.com/flipped-aurora/gin-vue-admin/server]2025-06-16 11:35:05.778	[31merror[0m	D:/games/ga/gin-vue-admin-main/server/utils/claims.go:82	redis key is empty or nil
[github.com/flipped-aurora/gin-vue-admin/server]2025-06-16 11:40:09.617	[31merror[0m	D:/games/ga/gin-vue-admin-main/server/utils/claims.go:82	redis key is empty or nil
[github.com/flipped-aurora/gin-vue-admin/server]2025-06-16 11:43:48.965	[31merror[0m	D:/games/ga/gin-vue-admin-main/server/utils/claims.go:82	redis key is empty or nil
[github.com/flipped-aurora/gin-vue-admin/server]2025-06-16 11:45:55.136	[31merror[0m	D:/games/ga/gin-vue-admin-main/server/utils/claims.go:83	redis key is empty or nil
[github.com/flipped-aurora/gin-vue-admin/server]2025-06-16 11:48:44.427	[31merror[0m	D:/games/ga/gin-vue-admin-main/server/utils/claims.go:88	guoqi
[github.com/flipped-aurora/gin-vue-admin/server]2025-06-16 14:04:51.849	[31merror[0m	D:/games/ga/gin-vue-admin-main/server/utils/claims.go:88	guoqi
[github.com/flipped-aurora/gin-vue-admin/server]2025-06-16 16:40:12.626	[31merror[0m	D:/games/ga/gin-vue-admin-main/server/api/v1/system/sys_user.go:664	å‘é€é‚®ä»¶å¤±è´¥!	{"error": "dial tcp: lookup smtp.example.com: no such host"}
[github.com/flipped-aurora/gin-vue-admin/server]2025-06-16 16:48:29.649	[31merror[0m	D:/games/ga/gin-vue-admin-main/server/api/v1/system/sys_user.go:664	å‘é€é‚®ä»¶å¤±è´¥!	{"error": "EOF"}
[github.com/flipped-aurora/gin-vue-admin/server]2025-06-16 16:48:54.592	[31merror[0m	D:/games/ga/gin-vue-admin-main/server/api/v1/system/sys_user.go:664	å‘é€é‚®ä»¶å¤±è´¥!	{"error": "EOF"}
[github.com/flipped-aurora/gin-vue-admin/server]2025-06-16 16:51:55.260	[31merror[0m	D:/games/ga/gin-vue-admin-main/server/api/v1/system/sys_user.go:664	å‘é€é‚®ä»¶å¤±è´¥!	{"error": "EOF"}
[github.com/flipped-aurora/gin-vue-admin/server]2025-06-16 16:52:18.662	[31merror[0m	D:/games/ga/gin-vue-admin-main/server/api/v1/system/sys_user.go:664	å‘é€é‚®ä»¶å¤±è´¥!	{"error": "EOF"}
[github.com/flipped-aurora/gin-vue-admin/server]2025-06-16 16:52:36.381	[31merror[0m	D:/games/ga/gin-vue-admin-main/server/api/v1/system/sys_user.go:664	å‘é€é‚®ä»¶å¤±è´¥!	{"error": "EOF"}
[github.com/flipped-aurora/gin-vue-admin/server]2025-06-16 17:14:20.751	[31merror[0m	D:/games/ga/gin-vue-admin-main/server/api/v1/system/sys_user.go:701	get code fail!	{"error": "redis: nil"}
[github.com/flipped-aurora/gin-vue-admin/server]2025-06-16 17:23:02.369	[31merror[0m	D:/games/ga/gin-vue-admin-main/server/utils/claims.go:81	redis key is empty or nil
[github.com/flipped-aurora/gin-vue-admin/server]2025-06-16 17:33:34.792	[31merror[0m	D:/games/ga/gin-vue-admin-main/server/utils/claims.go:74	fail
[github.com/flipped-aurora/gin-vue-admin/server]2025-06-16 17:35:26.834	[31merror[0m	D:/games/ga/gin-vue-admin-main/server/utils/claims.go:74	fail
[github.com/flipped-aurora/gin-vue-admin/server]2025-06-16 20:16:17.635	[31merror[0m	D:/games/ga/gin-vue-admin-main/server/api/v1/system/sys_user.go:752	Decryption failed	{"error": "invalid input type"}
[github.com/flipped-aurora/gin-vue-admin/server]2025-06-16 20:18:46.165	[31merror[0m	D:/games/ga/gin-vue-admin-main/server/api/v1/system/sys_user.go:752	Decryption failed	{"error": "invalid input type"}
[github.com/flipped-aurora/gin-vue-admin/server]2025-06-16 20:24:59.306	[31merror[0m	D:/games/ga/gin-vue-admin-main/server/api/v1/system/sys_user.go:752	Decryption failed	{"error": "unsupported input type: system.DecryptRequest"}
[github.com/flipped-aurora/gin-vue-admin/server]2025-06-16 20:34:08.648	[31merror[0m	D:/games/ga/gin-vue-admin-main/server/api/v1/system/sys_user.go:752	Decryption failed	{"error": "invalid input type"}
[github.com/flipped-aurora/gin-vue-admin/server]2025-06-16 21:04:37.266	[31merror[0m	D:/games/ga/gin-vue-admin-main/server/api/v1/system/sys_user.go:752	Decryption failed	{"error": "encoding/hex: odd length hex string"}
