[github.com/flipped-aurora/gin-vue-admin/server]2025-06-16 10:39:30.662	[34minfo[0m	D:/games/ga/gin-vue-admin-main/server/core/server_run.go:48	WEB...
[github.com/flipped-aurora/gin-vue-admin/server]2025-06-16 10:39:30.666	[34minfo[0m	D:/games/ga/gin-vue-admin-main/server/core/server_run.go:59	WEB
[github.com/flipped-aurora/gin-vue-admin/server]2025-06-16 10:43:21.728	[34minfo[0m	D:/games/ga/gin-vue-admin-main/server/initialize/gorm.go:77	register table success
[github.com/flipped-aurora/gin-vue-admin/server]2025-06-16 10:43:21.729	[34minfo[0m	D:/games/ga/gin-vue-admin-main/server/initialize/redis.go:35	redis connect ping response:	{"name": "", "pong": "PONG"}
[github.com/flipped-aurora/gin-vue-admin/server]2025-06-16 10:43:21.732	[34minfo[0m	D:/games/ga/gin-vue-admin-main/server/initialize/router.go:71	register swagger handler
[github.com/flipped-aurora/gin-vue-admin/server]2025-06-16 10:43:21.759	[34minfo[0m	D:/games/ga/gin-vue-admin-main/server/initialize/router.go:120	router register success
[github.com/flipped-aurora/gin-vue-admin/server]2025-06-16 10:49:57.043	[34minfo[0m	D:/games/ga/gin-vue-admin-main/server/core/server_run.go:48	WEB...
[github.com/flipped-aurora/gin-vue-admin/server]2025-06-16 10:49:57.046	[34minfo[0m	D:/games/ga/gin-vue-admin-main/server/core/server_run.go:59	WEB
[github.com/flipped-aurora/gin-vue-admin/server]2025-06-16 10:50:49.684	[34minfo[0m	D:/games/ga/gin-vue-admin-main/server/initialize/gorm.go:77	register table success
[github.com/flipped-aurora/gin-vue-admin/server]2025-06-16 10:50:49.685	[34minfo[0m	D:/games/ga/gin-vue-admin-main/server/initialize/redis.go:35	redis connect ping response:	{"name": "", "pong": "PONG"}
[github.com/flipped-aurora/gin-vue-admin/server]2025-06-16 10:50:49.687	[34minfo[0m	D:/games/ga/gin-vue-admin-main/server/initialize/router.go:71	register swagger handler
[github.com/flipped-aurora/gin-vue-admin/server]2025-06-16 10:50:49.711	[34minfo[0m	D:/games/ga/gin-vue-admin-main/server/initialize/router.go:120	router register success
[github.com/flipped-aurora/gin-vue-admin/server]2025-06-16 11:00:45.151	[34minfo[0m	D:/games/ga/gin-vue-admin-main/server/core/server_run.go:48	WEB...
[github.com/flipped-aurora/gin-vue-admin/server]2025-06-16 11:00:45.151	[34minfo[0m	D:/games/ga/gin-vue-admin-main/server/core/server_run.go:59	WEB
[github.com/flipped-aurora/gin-vue-admin/server]2025-06-16 11:14:06.540	[34minfo[0m	D:/games/ga/gin-vue-admin-main/server/initialize/gorm.go:77	register table success
[github.com/flipped-aurora/gin-vue-admin/server]2025-06-16 11:14:06.541	[34minfo[0m	D:/games/ga/gin-vue-admin-main/server/initialize/redis.go:35	redis connect ping response:	{"name": "", "pong": "PONG"}
[github.com/flipped-aurora/gin-vue-admin/server]2025-06-16 11:14:06.545	[34minfo[0m	D:/games/ga/gin-vue-admin-main/server/initialize/router.go:71	register swagger handler
[github.com/flipped-aurora/gin-vue-admin/server]2025-06-16 11:14:06.573	[34minfo[0m	D:/games/ga/gin-vue-admin-main/server/initialize/router.go:120	router register success
[github.com/flipped-aurora/gin-vue-admin/server]2025-06-16 11:15:46.141	[34minfo[0m	D:/games/ga/gin-vue-admin-main/server/core/server_run.go:48	WEB...
[github.com/flipped-aurora/gin-vue-admin/server]2025-06-16 11:15:46.143	[34minfo[0m	D:/games/ga/gin-vue-admin-main/server/core/server_run.go:59	WEB
[github.com/flipped-aurora/gin-vue-admin/server]2025-06-16 11:16:36.445	[34minfo[0m	D:/games/ga/gin-vue-admin-main/server/initialize/gorm.go:77	register table success
[github.com/flipped-aurora/gin-vue-admin/server]2025-06-16 11:16:36.446	[34minfo[0m	D:/games/ga/gin-vue-admin-main/server/initialize/redis.go:35	redis connect ping response:	{"name": "", "pong": "PONG"}
[github.com/flipped-aurora/gin-vue-admin/server]2025-06-16 11:16:36.448	[34minfo[0m	D:/games/ga/gin-vue-admin-main/server/initialize/router.go:71	register swagger handler
[github.com/flipped-aurora/gin-vue-admin/server]2025-06-16 11:16:36.478	[34minfo[0m	D:/games/ga/gin-vue-admin-main/server/initialize/router.go:120	router register success
[github.com/flipped-aurora/gin-vue-admin/server]2025-06-16 11:21:01.662	[34minfo[0m	D:/games/ga/gin-vue-admin-main/server/core/server_run.go:48	WEB...
[github.com/flipped-aurora/gin-vue-admin/server]2025-06-16 11:21:01.663	[34minfo[0m	D:/games/ga/gin-vue-admin-main/server/core/server_run.go:59	WEB
[github.com/flipped-aurora/gin-vue-admin/server]2025-06-16 11:21:53.426	[34minfo[0m	D:/games/ga/gin-vue-admin-main/server/initialize/gorm.go:77	register table success
[github.com/flipped-aurora/gin-vue-admin/server]2025-06-16 11:21:53.427	[34minfo[0m	D:/games/ga/gin-vue-admin-main/server/initialize/redis.go:35	redis connect ping response:	{"name": "", "pong": "PONG"}
[github.com/flipped-aurora/gin-vue-admin/server]2025-06-16 11:21:53.430	[34minfo[0m	D:/games/ga/gin-vue-admin-main/server/initialize/router.go:71	register swagger handler
[github.com/flipped-aurora/gin-vue-admin/server]2025-06-16 11:21:53.458	[34minfo[0m	D:/games/ga/gin-vue-admin-main/server/initialize/router.go:120	router register success
[github.com/flipped-aurora/gin-vue-admin/server]2025-06-16 11:23:42.793	[34minfo[0m	D:/games/ga/gin-vue-admin-main/server/core/server_run.go:48	WEB...
[github.com/flipped-aurora/gin-vue-admin/server]2025-06-16 11:23:42.793	[34minfo[0m	D:/games/ga/gin-vue-admin-main/server/core/server_run.go:59	WEB
[github.com/flipped-aurora/gin-vue-admin/server]2025-06-16 11:24:31.956	[34minfo[0m	D:/games/ga/gin-vue-admin-main/server/initialize/gorm.go:77	register table success
[github.com/flipped-aurora/gin-vue-admin/server]2025-06-16 11:24:31.957	[34minfo[0m	D:/games/ga/gin-vue-admin-main/server/initialize/redis.go:35	redis connect ping response:	{"name": "", "pong": "PONG"}
[github.com/flipped-aurora/gin-vue-admin/server]2025-06-16 11:24:31.959	[34minfo[0m	D:/games/ga/gin-vue-admin-main/server/initialize/router.go:71	register swagger handler
[github.com/flipped-aurora/gin-vue-admin/server]2025-06-16 11:24:31.998	[34minfo[0m	D:/games/ga/gin-vue-admin-main/server/initialize/router.go:120	router register success
[github.com/flipped-aurora/gin-vue-admin/server]2025-06-16 11:28:03.926	[34minfo[0m	D:/games/ga/gin-vue-admin-main/server/core/server_run.go:48	WEB...
[github.com/flipped-aurora/gin-vue-admin/server]2025-06-16 11:28:03.926	[34minfo[0m	D:/games/ga/gin-vue-admin-main/server/core/server_run.go:59	WEB
[github.com/flipped-aurora/gin-vue-admin/server]2025-06-16 11:28:56.198	[34minfo[0m	D:/games/ga/gin-vue-admin-main/server/initialize/gorm.go:77	register table success
[github.com/flipped-aurora/gin-vue-admin/server]2025-06-16 11:28:56.199	[34minfo[0m	D:/games/ga/gin-vue-admin-main/server/initialize/redis.go:35	redis connect ping response:	{"name": "", "pong": "PONG"}
[github.com/flipped-aurora/gin-vue-admin/server]2025-06-16 11:28:56.202	[34minfo[0m	D:/games/ga/gin-vue-admin-main/server/initialize/router.go:71	register swagger handler
[github.com/flipped-aurora/gin-vue-admin/server]2025-06-16 11:28:56.225	[34minfo[0m	D:/games/ga/gin-vue-admin-main/server/initialize/router.go:120	router register success
[github.com/flipped-aurora/gin-vue-admin/server]2025-06-16 11:30:20.244	[34minfo[0m	D:/games/ga/gin-vue-admin-main/server/core/server_run.go:48	WEB...
[github.com/flipped-aurora/gin-vue-admin/server]2025-06-16 11:30:20.244	[34minfo[0m	D:/games/ga/gin-vue-admin-main/server/core/server_run.go:59	WEB
[github.com/flipped-aurora/gin-vue-admin/server]2025-06-16 11:31:17.083	[34minfo[0m	D:/games/ga/gin-vue-admin-main/server/initialize/gorm.go:77	register table success
[github.com/flipped-aurora/gin-vue-admin/server]2025-06-16 11:31:17.084	[34minfo[0m	D:/games/ga/gin-vue-admin-main/server/initialize/redis.go:35	redis connect ping response:	{"name": "", "pong": "PONG"}
[github.com/flipped-aurora/gin-vue-admin/server]2025-06-16 11:31:17.088	[34minfo[0m	D:/games/ga/gin-vue-admin-main/server/initialize/router.go:71	register swagger handler
[github.com/flipped-aurora/gin-vue-admin/server]2025-06-16 11:31:17.123	[34minfo[0m	D:/games/ga/gin-vue-admin-main/server/initialize/router.go:120	router register success
[github.com/flipped-aurora/gin-vue-admin/server]2025-06-16 11:31:46.525	[34minfo[0m	D:/games/ga/gin-vue-admin-main/server/core/server_run.go:48	WEB...
[github.com/flipped-aurora/gin-vue-admin/server]2025-06-16 11:31:46.525	[34minfo[0m	D:/games/ga/gin-vue-admin-main/server/core/server_run.go:59	WEB
[github.com/flipped-aurora/gin-vue-admin/server]2025-06-16 11:32:38.505	[34minfo[0m	D:/games/ga/gin-vue-admin-main/server/initialize/gorm.go:77	register table success
[github.com/flipped-aurora/gin-vue-admin/server]2025-06-16 11:32:38.506	[34minfo[0m	D:/games/ga/gin-vue-admin-main/server/initialize/redis.go:35	redis connect ping response:	{"name": "", "pong": "PONG"}
[github.com/flipped-aurora/gin-vue-admin/server]2025-06-16 11:32:38.508	[34minfo[0m	D:/games/ga/gin-vue-admin-main/server/initialize/router.go:71	register swagger handler
[github.com/flipped-aurora/gin-vue-admin/server]2025-06-16 11:32:38.528	[34minfo[0m	D:/games/ga/gin-vue-admin-main/server/initialize/router.go:120	router register success
[github.com/flipped-aurora/gin-vue-admin/server]2025-06-16 11:33:30.709	[34minfo[0m	D:/games/ga/gin-vue-admin-main/server/core/server_run.go:48	WEB...
[github.com/flipped-aurora/gin-vue-admin/server]2025-06-16 11:33:30.710	[34minfo[0m	D:/games/ga/gin-vue-admin-main/server/core/server_run.go:59	WEB
[github.com/flipped-aurora/gin-vue-admin/server]2025-06-16 11:35:00.149	[34minfo[0m	D:/games/ga/gin-vue-admin-main/server/initialize/gorm.go:77	register table success
[github.com/flipped-aurora/gin-vue-admin/server]2025-06-16 11:35:00.150	[34minfo[0m	D:/games/ga/gin-vue-admin-main/server/initialize/redis.go:35	redis connect ping response:	{"name": "", "pong": "PONG"}
[github.com/flipped-aurora/gin-vue-admin/server]2025-06-16 11:35:00.152	[34minfo[0m	D:/games/ga/gin-vue-admin-main/server/initialize/router.go:71	register swagger handler
[github.com/flipped-aurora/gin-vue-admin/server]2025-06-16 11:35:00.176	[34minfo[0m	D:/games/ga/gin-vue-admin-main/server/initialize/router.go:120	router register success
[github.com/flipped-aurora/gin-vue-admin/server]2025-06-16 11:40:52.311	[34minfo[0m	D:/games/ga/gin-vue-admin-main/server/core/server_run.go:48	WEB...
[github.com/flipped-aurora/gin-vue-admin/server]2025-06-16 11:40:52.312	[34minfo[0m	D:/games/ga/gin-vue-admin-main/server/core/server_run.go:59	WEB
[github.com/flipped-aurora/gin-vue-admin/server]2025-06-16 11:42:59.572	[34minfo[0m	D:/games/ga/gin-vue-admin-main/server/initialize/gorm.go:77	register table success
[github.com/flipped-aurora/gin-vue-admin/server]2025-06-16 11:42:59.574	[34minfo[0m	D:/games/ga/gin-vue-admin-main/server/initialize/redis.go:35	redis connect ping response:	{"name": "", "pong": "PONG"}
[github.com/flipped-aurora/gin-vue-admin/server]2025-06-16 11:42:59.576	[34minfo[0m	D:/games/ga/gin-vue-admin-main/server/initialize/router.go:71	register swagger handler
[github.com/flipped-aurora/gin-vue-admin/server]2025-06-16 11:42:59.601	[34minfo[0m	D:/games/ga/gin-vue-admin-main/server/initialize/router.go:120	router register success
[github.com/flipped-aurora/gin-vue-admin/server]2025-06-16 11:44:46.465	[34minfo[0m	D:/games/ga/gin-vue-admin-main/server/core/server_run.go:48	WEB...
[github.com/flipped-aurora/gin-vue-admin/server]2025-06-16 11:44:46.465	[34minfo[0m	D:/games/ga/gin-vue-admin-main/server/core/server_run.go:59	WEB
[github.com/flipped-aurora/gin-vue-admin/server]2025-06-16 11:45:37.489	[34minfo[0m	D:/games/ga/gin-vue-admin-main/server/initialize/gorm.go:77	register table success
[github.com/flipped-aurora/gin-vue-admin/server]2025-06-16 11:45:37.490	[34minfo[0m	D:/games/ga/gin-vue-admin-main/server/initialize/redis.go:35	redis connect ping response:	{"name": "", "pong": "PONG"}
[github.com/flipped-aurora/gin-vue-admin/server]2025-06-16 11:45:37.492	[34minfo[0m	D:/games/ga/gin-vue-admin-main/server/initialize/router.go:71	register swagger handler
[github.com/flipped-aurora/gin-vue-admin/server]2025-06-16 11:45:37.515	[34minfo[0m	D:/games/ga/gin-vue-admin-main/server/initialize/router.go:120	router register success
[github.com/flipped-aurora/gin-vue-admin/server]2025-06-16 11:47:51.341	[34minfo[0m	D:/games/ga/gin-vue-admin-main/server/core/server_run.go:48	WEB...
[github.com/flipped-aurora/gin-vue-admin/server]2025-06-16 11:47:51.342	[34minfo[0m	D:/games/ga/gin-vue-admin-main/server/core/server_run.go:59	WEB
[github.com/flipped-aurora/gin-vue-admin/server]2025-06-16 11:48:42.674	[34minfo[0m	D:/games/ga/gin-vue-admin-main/server/initialize/gorm.go:77	register table success
[github.com/flipped-aurora/gin-vue-admin/server]2025-06-16 11:48:42.675	[34minfo[0m	D:/games/ga/gin-vue-admin-main/server/initialize/redis.go:35	redis connect ping response:	{"name": "", "pong": "PONG"}
[github.com/flipped-aurora/gin-vue-admin/server]2025-06-16 11:48:42.677	[34minfo[0m	D:/games/ga/gin-vue-admin-main/server/initialize/router.go:71	register swagger handler
[github.com/flipped-aurora/gin-vue-admin/server]2025-06-16 11:48:42.698	[34minfo[0m	D:/games/ga/gin-vue-admin-main/server/initialize/router.go:120	router register success
[github.com/flipped-aurora/gin-vue-admin/server]2025-06-16 15:36:40.079	[34minfo[0m	D:/games/ga/gin-vue-admin-main/server/core/server_run.go:48	WEB...
[github.com/flipped-aurora/gin-vue-admin/server]2025-06-16 15:36:40.080	[34minfo[0m	D:/games/ga/gin-vue-admin-main/server/core/server_run.go:59	WEB
[github.com/flipped-aurora/gin-vue-admin/server]2025-06-16 15:41:20.431	[34minfo[0m	D:/games/ga/gin-vue-admin-main/server/initialize/gorm.go:77	register table success
[github.com/flipped-aurora/gin-vue-admin/server]2025-06-16 15:41:20.432	[34minfo[0m	D:/games/ga/gin-vue-admin-main/server/initialize/redis.go:35	redis connect ping response:	{"name": "", "pong": "PONG"}
[github.com/flipped-aurora/gin-vue-admin/server]2025-06-16 15:41:20.434	[34minfo[0m	D:/games/ga/gin-vue-admin-main/server/initialize/router.go:71	register swagger handler
[github.com/flipped-aurora/gin-vue-admin/server]2025-06-16 15:41:20.454	[34minfo[0m	D:/games/ga/gin-vue-admin-main/server/initialize/router.go:120	router register success
[github.com/flipped-aurora/gin-vue-admin/server]2025-06-16 16:46:05.989	[34minfo[0m	D:/games/ga/gin-vue-admin-main/server/core/server_run.go:48	WEB...
[github.com/flipped-aurora/gin-vue-admin/server]2025-06-16 16:46:05.991	[34minfo[0m	D:/games/ga/gin-vue-admin-main/server/core/server_run.go:59	WEB
[github.com/flipped-aurora/gin-vue-admin/server]2025-06-16 16:48:02.142	[34minfo[0m	D:/games/ga/gin-vue-admin-main/server/initialize/gorm.go:77	register table success
[github.com/flipped-aurora/gin-vue-admin/server]2025-06-16 16:48:02.143	[34minfo[0m	D:/games/ga/gin-vue-admin-main/server/initialize/redis.go:35	redis connect ping response:	{"name": "", "pong": "PONG"}
[github.com/flipped-aurora/gin-vue-admin/server]2025-06-16 16:48:02.146	[34minfo[0m	D:/games/ga/gin-vue-admin-main/server/initialize/router.go:71	register swagger handler
[github.com/flipped-aurora/gin-vue-admin/server]2025-06-16 16:48:02.167	[34minfo[0m	D:/games/ga/gin-vue-admin-main/server/initialize/router.go:120	router register success
[github.com/flipped-aurora/gin-vue-admin/server]2025-06-16 16:49:47.427	[34minfo[0m	D:/games/ga/gin-vue-admin-main/server/core/server_run.go:48	WEB...
[github.com/flipped-aurora/gin-vue-admin/server]2025-06-16 16:49:47.428	[34minfo[0m	D:/games/ga/gin-vue-admin-main/server/core/server_run.go:59	WEB
[github.com/flipped-aurora/gin-vue-admin/server]2025-06-16 16:50:39.872	[34minfo[0m	D:/games/ga/gin-vue-admin-main/server/initialize/gorm.go:77	register table success
[github.com/flipped-aurora/gin-vue-admin/server]2025-06-16 16:50:39.874	[34minfo[0m	D:/games/ga/gin-vue-admin-main/server/initialize/redis.go:35	redis connect ping response:	{"name": "", "pong": "PONG"}
[github.com/flipped-aurora/gin-vue-admin/server]2025-06-16 16:50:39.878	[34minfo[0m	D:/games/ga/gin-vue-admin-main/server/initialize/router.go:71	register swagger handler
[github.com/flipped-aurora/gin-vue-admin/server]2025-06-16 16:50:39.900	[34minfo[0m	D:/games/ga/gin-vue-admin-main/server/initialize/router.go:120	router register success
[github.com/flipped-aurora/gin-vue-admin/server]2025-06-16 16:53:23.037	[34minfo[0m	D:/games/ga/gin-vue-admin-main/server/core/server_run.go:48	WEB...
[github.com/flipped-aurora/gin-vue-admin/server]2025-06-16 16:53:23.039	[34minfo[0m	D:/games/ga/gin-vue-admin-main/server/core/server_run.go:59	WEB
[github.com/flipped-aurora/gin-vue-admin/server]2025-06-16 16:55:08.320	[34minfo[0m	D:/games/ga/gin-vue-admin-main/server/initialize/gorm.go:77	register table success
[github.com/flipped-aurora/gin-vue-admin/server]2025-06-16 16:55:08.321	[34minfo[0m	D:/games/ga/gin-vue-admin-main/server/initialize/redis.go:35	redis connect ping response:	{"name": "", "pong": "PONG"}
[github.com/flipped-aurora/gin-vue-admin/server]2025-06-16 16:55:08.323	[34minfo[0m	D:/games/ga/gin-vue-admin-main/server/initialize/router.go:71	register swagger handler
[github.com/flipped-aurora/gin-vue-admin/server]2025-06-16 16:55:08.346	[34minfo[0m	D:/games/ga/gin-vue-admin-main/server/initialize/router.go:120	router register success
[github.com/flipped-aurora/gin-vue-admin/server]2025-06-16 17:07:14.043	[34minfo[0m	D:/games/ga/gin-vue-admin-main/server/core/server_run.go:48	WEB...
[github.com/flipped-aurora/gin-vue-admin/server]2025-06-16 17:07:14.045	[34minfo[0m	D:/games/ga/gin-vue-admin-main/server/core/server_run.go:59	WEB
[github.com/flipped-aurora/gin-vue-admin/server]2025-06-16 17:09:14.112	[34minfo[0m	D:/games/ga/gin-vue-admin-main/server/initialize/gorm.go:77	register table success
[github.com/flipped-aurora/gin-vue-admin/server]2025-06-16 17:09:14.113	[34minfo[0m	D:/games/ga/gin-vue-admin-main/server/initialize/redis.go:35	redis connect ping response:	{"name": "", "pong": "PONG"}
[github.com/flipped-aurora/gin-vue-admin/server]2025-06-16 17:09:14.116	[34minfo[0m	D:/games/ga/gin-vue-admin-main/server/initialize/router.go:71	register swagger handler
[github.com/flipped-aurora/gin-vue-admin/server]2025-06-16 17:09:14.137	[34minfo[0m	D:/games/ga/gin-vue-admin-main/server/initialize/router.go:120	router register success
[github.com/flipped-aurora/gin-vue-admin/server]2025-06-16 17:09:26.222	[34minfo[0m	D:/games/ga/gin-vue-admin-main/server/core/server_run.go:48	WEB...
[github.com/flipped-aurora/gin-vue-admin/server]2025-06-16 17:09:26.225	[34minfo[0m	D:/games/ga/gin-vue-admin-main/server/core/server_run.go:59	WEB
[github.com/flipped-aurora/gin-vue-admin/server]2025-06-16 17:10:47.162	[34minfo[0m	D:/games/ga/gin-vue-admin-main/server/initialize/gorm.go:77	register table success
[github.com/flipped-aurora/gin-vue-admin/server]2025-06-16 17:10:47.163	[34minfo[0m	D:/games/ga/gin-vue-admin-main/server/initialize/redis.go:35	redis connect ping response:	{"name": "", "pong": "PONG"}
[github.com/flipped-aurora/gin-vue-admin/server]2025-06-16 17:10:47.167	[34minfo[0m	D:/games/ga/gin-vue-admin-main/server/initialize/router.go:71	register swagger handler
[github.com/flipped-aurora/gin-vue-admin/server]2025-06-16 17:10:47.190	[34minfo[0m	D:/games/ga/gin-vue-admin-main/server/initialize/router.go:120	router register success
[github.com/flipped-aurora/gin-vue-admin/server]2025-06-16 17:13:25.510	[34minfo[0m	D:/games/ga/gin-vue-admin-main/server/core/server_run.go:48	WEB...
[github.com/flipped-aurora/gin-vue-admin/server]2025-06-16 17:13:25.511	[34minfo[0m	D:/games/ga/gin-vue-admin-main/server/core/server_run.go:59	WEB
[github.com/flipped-aurora/gin-vue-admin/server]2025-06-16 17:14:17.827	[34minfo[0m	D:/games/ga/gin-vue-admin-main/server/initialize/gorm.go:77	register table success
[github.com/flipped-aurora/gin-vue-admin/server]2025-06-16 17:14:17.828	[34minfo[0m	D:/games/ga/gin-vue-admin-main/server/initialize/redis.go:35	redis connect ping response:	{"name": "", "pong": "PONG"}
[github.com/flipped-aurora/gin-vue-admin/server]2025-06-16 17:14:17.831	[34minfo[0m	D:/games/ga/gin-vue-admin-main/server/initialize/router.go:71	register swagger handler
[github.com/flipped-aurora/gin-vue-admin/server]2025-06-16 17:14:17.851	[34minfo[0m	D:/games/ga/gin-vue-admin-main/server/initialize/router.go:120	router register success
[github.com/flipped-aurora/gin-vue-admin/server]2025-06-16 17:15:48.627	[34minfo[0m	D:/games/ga/gin-vue-admin-main/server/core/server_run.go:48	WEB...
[github.com/flipped-aurora/gin-vue-admin/server]2025-06-16 17:15:48.628	[34minfo[0m	D:/games/ga/gin-vue-admin-main/server/core/server_run.go:59	WEB
[github.com/flipped-aurora/gin-vue-admin/server]2025-06-16 17:16:37.086	[34minfo[0m	D:/games/ga/gin-vue-admin-main/server/initialize/gorm.go:77	register table success
[github.com/flipped-aurora/gin-vue-admin/server]2025-06-16 17:16:37.087	[34minfo[0m	D:/games/ga/gin-vue-admin-main/server/initialize/redis.go:35	redis connect ping response:	{"name": "", "pong": "PONG"}
[github.com/flipped-aurora/gin-vue-admin/server]2025-06-16 17:16:37.089	[34minfo[0m	D:/games/ga/gin-vue-admin-main/server/initialize/router.go:71	register swagger handler
[github.com/flipped-aurora/gin-vue-admin/server]2025-06-16 17:16:37.116	[34minfo[0m	D:/games/ga/gin-vue-admin-main/server/initialize/router.go:120	router register success
[github.com/flipped-aurora/gin-vue-admin/server]2025-06-16 17:20:10.492	[34minfo[0m	D:/games/ga/gin-vue-admin-main/server/core/server_run.go:48	WEB...
[github.com/flipped-aurora/gin-vue-admin/server]2025-06-16 17:20:10.492	[34minfo[0m	D:/games/ga/gin-vue-admin-main/server/core/server_run.go:59	WEB
[github.com/flipped-aurora/gin-vue-admin/server]2025-06-16 17:20:59.554	[34minfo[0m	D:/games/ga/gin-vue-admin-main/server/initialize/gorm.go:77	register table success
[github.com/flipped-aurora/gin-vue-admin/server]2025-06-16 17:20:59.557	[34minfo[0m	D:/games/ga/gin-vue-admin-main/server/initialize/redis.go:35	redis connect ping response:	{"name": "", "pong": "PONG"}
[github.com/flipped-aurora/gin-vue-admin/server]2025-06-16 17:20:59.559	[34minfo[0m	D:/games/ga/gin-vue-admin-main/server/initialize/router.go:71	register swagger handler
[github.com/flipped-aurora/gin-vue-admin/server]2025-06-16 17:20:59.580	[34minfo[0m	D:/games/ga/gin-vue-admin-main/server/initialize/router.go:120	router register success
[github.com/flipped-aurora/gin-vue-admin/server]2025-06-16 17:27:29.429	[34minfo[0m	D:/games/ga/gin-vue-admin-main/server/core/server_run.go:48	WEB...
[github.com/flipped-aurora/gin-vue-admin/server]2025-06-16 17:27:29.429	[34minfo[0m	D:/games/ga/gin-vue-admin-main/server/core/server_run.go:59	WEB
[github.com/flipped-aurora/gin-vue-admin/server]2025-06-16 17:28:35.673	[34minfo[0m	D:/games/ga/gin-vue-admin-main/server/initialize/gorm.go:77	register table success
[github.com/flipped-aurora/gin-vue-admin/server]2025-06-16 17:28:35.674	[34minfo[0m	D:/games/ga/gin-vue-admin-main/server/initialize/redis.go:35	redis connect ping response:	{"name": "", "pong": "PONG"}
[github.com/flipped-aurora/gin-vue-admin/server]2025-06-16 17:28:35.677	[34minfo[0m	D:/games/ga/gin-vue-admin-main/server/initialize/router.go:71	register swagger handler
[github.com/flipped-aurora/gin-vue-admin/server]2025-06-16 17:28:35.696	[34minfo[0m	D:/games/ga/gin-vue-admin-main/server/initialize/router.go:120	router register success
[github.com/flipped-aurora/gin-vue-admin/server]2025-06-16 17:31:33.667	[34minfo[0m	D:/games/ga/gin-vue-admin-main/server/core/server_run.go:48	WEB...
[github.com/flipped-aurora/gin-vue-admin/server]2025-06-16 17:31:33.668	[34minfo[0m	D:/games/ga/gin-vue-admin-main/server/core/server_run.go:59	WEB
[github.com/flipped-aurora/gin-vue-admin/server]2025-06-16 17:33:05.372	[34minfo[0m	D:/games/ga/gin-vue-admin-main/server/initialize/gorm.go:77	register table success
[github.com/flipped-aurora/gin-vue-admin/server]2025-06-16 17:33:05.373	[34minfo[0m	D:/games/ga/gin-vue-admin-main/server/initialize/redis.go:35	redis connect ping response:	{"name": "", "pong": "PONG"}
[github.com/flipped-aurora/gin-vue-admin/server]2025-06-16 17:33:05.375	[34minfo[0m	D:/games/ga/gin-vue-admin-main/server/initialize/router.go:71	register swagger handler
[github.com/flipped-aurora/gin-vue-admin/server]2025-06-16 17:33:05.394	[34minfo[0m	D:/games/ga/gin-vue-admin-main/server/initialize/router.go:120	router register success
[github.com/flipped-aurora/gin-vue-admin/server]2025-06-16 17:34:32.021	[34minfo[0m	D:/games/ga/gin-vue-admin-main/server/core/server_run.go:48	WEB...
[github.com/flipped-aurora/gin-vue-admin/server]2025-06-16 17:34:32.021	[34minfo[0m	D:/games/ga/gin-vue-admin-main/server/core/server_run.go:59	WEB
[github.com/flipped-aurora/gin-vue-admin/server]2025-06-16 17:35:24.856	[34minfo[0m	D:/games/ga/gin-vue-admin-main/server/initialize/gorm.go:77	register table success
[github.com/flipped-aurora/gin-vue-admin/server]2025-06-16 17:35:24.857	[34minfo[0m	D:/games/ga/gin-vue-admin-main/server/initialize/redis.go:35	redis connect ping response:	{"name": "", "pong": "PONG"}
[github.com/flipped-aurora/gin-vue-admin/server]2025-06-16 17:35:24.860	[34minfo[0m	D:/games/ga/gin-vue-admin-main/server/initialize/router.go:71	register swagger handler
[github.com/flipped-aurora/gin-vue-admin/server]2025-06-16 17:35:24.880	[34minfo[0m	D:/games/ga/gin-vue-admin-main/server/initialize/router.go:120	router register success
[github.com/flipped-aurora/gin-vue-admin/server]2025-06-16 17:36:47.883	[34minfo[0m	D:/games/ga/gin-vue-admin-main/server/core/server_run.go:48	WEB...
[github.com/flipped-aurora/gin-vue-admin/server]2025-06-16 17:36:47.883	[34minfo[0m	D:/games/ga/gin-vue-admin-main/server/core/server_run.go:59	WEB
[github.com/flipped-aurora/gin-vue-admin/server]2025-06-16 17:37:42.416	[34minfo[0m	D:/games/ga/gin-vue-admin-main/server/initialize/gorm.go:77	register table success
[github.com/flipped-aurora/gin-vue-admin/server]2025-06-16 17:37:42.417	[34minfo[0m	D:/games/ga/gin-vue-admin-main/server/initialize/redis.go:35	redis connect ping response:	{"name": "", "pong": "PONG"}
[github.com/flipped-aurora/gin-vue-admin/server]2025-06-16 17:37:42.419	[34minfo[0m	D:/games/ga/gin-vue-admin-main/server/initialize/router.go:71	register swagger handler
[github.com/flipped-aurora/gin-vue-admin/server]2025-06-16 17:37:42.438	[34minfo[0m	D:/games/ga/gin-vue-admin-main/server/initialize/router.go:120	router register success
[github.com/flipped-aurora/gin-vue-admin/server]2025-06-16 17:40:29.222	[34minfo[0m	D:/games/ga/gin-vue-admin-main/server/core/server_run.go:48	WEB...
[github.com/flipped-aurora/gin-vue-admin/server]2025-06-16 17:40:29.223	[34minfo[0m	D:/games/ga/gin-vue-admin-main/server/core/server_run.go:59	WEB
[github.com/flipped-aurora/gin-vue-admin/server]2025-06-16 17:41:20.959	[34minfo[0m	D:/games/ga/gin-vue-admin-main/server/initialize/gorm.go:77	register table success
[github.com/flipped-aurora/gin-vue-admin/server]2025-06-16 17:41:20.960	[34minfo[0m	D:/games/ga/gin-vue-admin-main/server/initialize/redis.go:35	redis connect ping response:	{"name": "", "pong": "PONG"}
[github.com/flipped-aurora/gin-vue-admin/server]2025-06-16 17:41:20.962	[34minfo[0m	D:/games/ga/gin-vue-admin-main/server/initialize/router.go:71	register swagger handler
[github.com/flipped-aurora/gin-vue-admin/server]2025-06-16 17:41:20.982	[34minfo[0m	D:/games/ga/gin-vue-admin-main/server/initialize/router.go:120	router register success
[github.com/flipped-aurora/gin-vue-admin/server]2025-06-16 17:44:28.251	[34minfo[0m	D:/games/ga/gin-vue-admin-main/server/core/server_run.go:48	WEB...
[github.com/flipped-aurora/gin-vue-admin/server]2025-06-16 17:44:28.252	[34minfo[0m	D:/games/ga/gin-vue-admin-main/server/core/server_run.go:59	WEB
[github.com/flipped-aurora/gin-vue-admin/server]2025-06-16 17:45:21.014	[34minfo[0m	D:/games/ga/gin-vue-admin-main/server/initialize/gorm.go:77	register table success
[github.com/flipped-aurora/gin-vue-admin/server]2025-06-16 17:45:21.015	[34minfo[0m	D:/games/ga/gin-vue-admin-main/server/initialize/redis.go:35	redis connect ping response:	{"name": "", "pong": "PONG"}
[github.com/flipped-aurora/gin-vue-admin/server]2025-06-16 17:45:21.017	[34minfo[0m	D:/games/ga/gin-vue-admin-main/server/initialize/router.go:71	register swagger handler
[github.com/flipped-aurora/gin-vue-admin/server]2025-06-16 17:45:21.034	[34minfo[0m	D:/games/ga/gin-vue-admin-main/server/initialize/router.go:120	router register success
[github.com/flipped-aurora/gin-vue-admin/server]2025-06-16 17:48:04.390	[34minfo[0m	D:/games/ga/gin-vue-admin-main/server/core/server_run.go:48	WEB...
[github.com/flipped-aurora/gin-vue-admin/server]2025-06-16 17:48:04.391	[34minfo[0m	D:/games/ga/gin-vue-admin-main/server/core/server_run.go:59	WEB
[github.com/flipped-aurora/gin-vue-admin/server]2025-06-16 17:48:56.644	[34minfo[0m	D:/games/ga/gin-vue-admin-main/server/initialize/gorm.go:77	register table success
[github.com/flipped-aurora/gin-vue-admin/server]2025-06-16 17:48:56.645	[34minfo[0m	D:/games/ga/gin-vue-admin-main/server/initialize/redis.go:35	redis connect ping response:	{"name": "", "pong": "PONG"}
[github.com/flipped-aurora/gin-vue-admin/server]2025-06-16 17:48:56.647	[34minfo[0m	D:/games/ga/gin-vue-admin-main/server/initialize/router.go:71	register swagger handler
[github.com/flipped-aurora/gin-vue-admin/server]2025-06-16 17:48:56.664	[34minfo[0m	D:/games/ga/gin-vue-admin-main/server/initialize/router.go:120	router register success
[github.com/flipped-aurora/gin-vue-admin/server]2025-06-16 17:50:19.157	[34minfo[0m	D:/games/ga/gin-vue-admin-main/server/core/server_run.go:48	WEB...
[github.com/flipped-aurora/gin-vue-admin/server]2025-06-16 17:50:19.158	[34minfo[0m	D:/games/ga/gin-vue-admin-main/server/core/server_run.go:59	WEB
[github.com/flipped-aurora/gin-vue-admin/server]2025-06-16 17:51:08.079	[34minfo[0m	D:/games/ga/gin-vue-admin-main/server/initialize/gorm.go:77	register table success
[github.com/flipped-aurora/gin-vue-admin/server]2025-06-16 17:51:08.080	[34minfo[0m	D:/games/ga/gin-vue-admin-main/server/initialize/redis.go:35	redis connect ping response:	{"name": "", "pong": "PONG"}
[github.com/flipped-aurora/gin-vue-admin/server]2025-06-16 17:51:08.083	[34minfo[0m	D:/games/ga/gin-vue-admin-main/server/initialize/router.go:71	register swagger handler
[github.com/flipped-aurora/gin-vue-admin/server]2025-06-16 17:51:08.100	[34minfo[0m	D:/games/ga/gin-vue-admin-main/server/initialize/router.go:120	router register success
[github.com/flipped-aurora/gin-vue-admin/server]2025-06-16 17:51:25.159	[34minfo[0m	D:/games/ga/gin-vue-admin-main/server/core/server_run.go:48	WEB...
[github.com/flipped-aurora/gin-vue-admin/server]2025-06-16 17:51:25.160	[34minfo[0m	D:/games/ga/gin-vue-admin-main/server/core/server_run.go:59	WEB
