[github.com/flipped-aurora/gin-vue-admin/server]2025-06-12 16:24:35.161	[31merror[0m	D:/games/ga/gin-vue-admin-main/server/utils/claims.go:49	é‡æ–°å†™å…¥cookie tokenå¤±è´¥,æœªèƒ½æˆåŠŸè§£ætoken,è¯·æ£€æŸ¥è¯·æ±‚å¤´æ˜¯å¦å­˜åœ¨x-tokenä¸”claimsæ˜¯å¦ä¸ºè§„å®šç»“æ„
[github.com/flipped-aurora/gin-vue-admin/server]2025-06-12 16:38:53.623	[31merror[0m	D:/games/ga/gin-vue-admin-main/server/api/v1/system/sys_user.go:57	ç™»é™†å¤±è´¥! ç”¨æˆ·åä¸å­˜åœ¨æˆ–è€…å¯†ç é”™è¯¯!	{"error": "db not init"}
[github.com/flipped-aurora/gin-vue-admin/server]2025-06-12 17:27:43.378	[31merror[0m	D:/games/ga/gin-vue-admin-main/server/api/v1/system/sys_user.go:504	ç™»é™†å¤±è´¥! ç”¨æˆ·åä¸å­˜åœ¨æˆ–è€…å¯†ç é”™è¯¯!	{"error": "record not found"}
[github.com/flipped-aurora/gin-vue-admin/server]2025-06-12 17:29:22.452	[31merror[0m	D:/games/ga/gin-vue-admin-main/server/utils/claims.go:49	é‡æ–°å†™å…¥cookie tokenå¤±è´¥,æœªèƒ½æˆåŠŸè§£ætoken,è¯·æ£€æŸ¥è¯·æ±‚å¤´æ˜¯å¦å­˜åœ¨x-tokenä¸”claimsæ˜¯å¦ä¸ºè§„å®šç»“æ„
[github.com/flipped-aurora/gin-vue-admin/server]2025-06-12 17:47:19.829	[31merror[0m	D:/games/ga/gin-vue-admin-main/server/api/v1/system/sys_user.go:190	ä¿®æ”¹å¤±è´¥!	{"error": "åŸå¯†ç é”™è¯¯"}
[github.com/flipped-aurora/gin-vue-admin/server]2025-06-12 17:47:36.371	[31merror[0m	D:/games/ga/gin-vue-admin-main/server/api/v1/system/sys_user.go:504	ç™»é™†å¤±è´¥! ç”¨æˆ·åä¸å­˜åœ¨æˆ–è€…å¯†ç é”™è¯¯!	{"error": "å¯†ç é”™è¯¯"}
[github.com/flipped-aurora/gin-vue-admin/server]2025-06-12 17:47:49.560	[31merror[0m	D:/games/ga/gin-vue-admin-main/server/api/v1/system/sys_user.go:57	ç™»é™†å¤±è´¥! ç”¨æˆ·åä¸å­˜åœ¨æˆ–è€…å¯†ç é”™è¯¯!	{"error": "å¯†ç é”™è¯¯"}
[github.com/flipped-aurora/gin-vue-admin/server]2025-06-12 18:29:11.579	[31merror[0m	D:/games/ga/gin-vue-admin-main/server/api/v1/system/sys_user.go:540	ç™»é™†å¤±è´¥! ç”¨æˆ·åä¸å­˜åœ¨æˆ–è€…å¯†ç é”™è¯¯!	{"error": "password error"}
[github.com/flipped-aurora/gin-vue-admin/server]2025-06-12 18:33:27.267	[31merror[0m	D:/games/ga/gin-vue-admin-main/server/api/v1/system/sys_user.go:190	ä¿®æ”¹å¤±è´¥!	{"error": "Error 1292 (22007): Incorrect date value: '0000-00-00' for column 'birthday' at row 1"}
[github.com/flipped-aurora/gin-vue-admin/server]2025-06-12 18:33:53.026	[31merror[0m	D:/games/ga/gin-vue-admin-main/server/api/v1/system/sys_user.go:57	ç™»é™†å¤±è´¥! ç”¨æˆ·åä¸å­˜åœ¨æˆ–è€…å¯†ç é”™è¯¯!	{"error": "password error"}
[github.com/flipped-aurora/gin-vue-admin/server]2025-06-12 18:34:29.749	[31merror[0m	D:/games/ga/gin-vue-admin-main/server/api/v1/system/sys_user.go:57	ç™»é™†å¤±è´¥! ç”¨æˆ·åä¸å­˜åœ¨æˆ–è€…å¯†ç é”™è¯¯!	{"error": "password error"}
[github.com/flipped-aurora/gin-vue-admin/server]2025-06-12 18:35:05.808	[31merror[0m	D:/games/ga/gin-vue-admin-main/server/api/v1/system/sys_user.go:190	ä¿®æ”¹å¤±è´¥!	{"error": "old password error"}
[github.com/flipped-aurora/gin-vue-admin/server]2025-06-12 18:35:16.465	[31merror[0m	D:/games/ga/gin-vue-admin-main/server/api/v1/system/sys_user.go:190	ä¿®æ”¹å¤±è´¥!	{"error": "Error 1292 (22007): Incorrect date value: '0000-00-00' for column 'birthday' at row 1"}
[github.com/flipped-aurora/gin-vue-admin/server]2025-06-12 18:35:21.227	[31merror[0m	D:/games/ga/gin-vue-admin-main/server/api/v1/system/sys_user.go:190	ä¿®æ”¹å¤±è´¥!	{"error": "old password error"}
[github.com/flipped-aurora/gin-vue-admin/server]2025-06-12 18:35:25.926	[31merror[0m	D:/games/ga/gin-vue-admin-main/server/api/v1/system/sys_user.go:190	ä¿®æ”¹å¤±è´¥!	{"error": "old password error"}
[github.com/flipped-aurora/gin-vue-admin/server]2025-06-12 18:35:34.094	[31merror[0m	D:/games/ga/gin-vue-admin-main/server/api/v1/system/sys_user.go:57	ç™»é™†å¤±è´¥! ç”¨æˆ·åä¸å­˜åœ¨æˆ–è€…å¯†ç é”™è¯¯!	{"error": "password error"}
[github.com/flipped-aurora/gin-vue-admin/server]2025-06-12 18:35:53.924	[31merror[0m	D:/games/ga/gin-vue-admin-main/server/api/v1/system/sys_user.go:540	ç™»é™†å¤±è´¥! ç”¨æˆ·åä¸å­˜åœ¨æˆ–è€…å¯†ç é”™è¯¯!	{"error": "password error"}
[github.com/flipped-aurora/gin-vue-admin/server]2025-06-12 18:35:56.360	[31merror[0m	D:/games/ga/gin-vue-admin-main/server/api/v1/system/sys_user.go:540	ç™»é™†å¤±è´¥! ç”¨æˆ·åä¸å­˜åœ¨æˆ–è€…å¯†ç é”™è¯¯!	{"error": "password error"}
[github.com/flipped-aurora/gin-vue-admin/server]2025-06-12 18:36:20.106	[31merror[0m	D:/games/ga/gin-vue-admin-main/server/api/v1/system/sys_user.go:190	ä¿®æ”¹å¤±è´¥!	{"error": "Error 1292 (22007): Incorrect date value: '0000-00-00' for column 'birthday' at row 1"}
[github.com/flipped-aurora/gin-vue-admin/server]2025-06-12 18:36:23.345	[31merror[0m	D:/games/ga/gin-vue-admin-main/server/api/v1/system/sys_user.go:190	ä¿®æ”¹å¤±è´¥!	{"error": "Error 1292 (22007): Incorrect date value: '0000-00-00' for column 'birthday' at row 1"}
[github.com/flipped-aurora/gin-vue-admin/server]2025-06-12 18:39:38.394	[31merror[0m	D:/games/ga/gin-vue-admin-main/server/api/v1/system/sys_user.go:190	ä¿®æ”¹å¤±è´¥!	{"error": "Error 1292 (22007): Incorrect date value: '0000-00-00' for column 'birthday' at row 1"}
[github.com/flipped-aurora/gin-vue-admin/server]2025-06-12 18:41:02.834	[31merror[0m	D:/games/ga/gin-vue-admin-main/server/api/v1/system/sys_user.go:540	ç™»é™†å¤±è´¥! ç”¨æˆ·åä¸å­˜åœ¨æˆ–è€…å¯†ç é”™è¯¯!	{"error": "password error"}
[github.com/flipped-aurora/gin-vue-admin/server]2025-06-12 20:02:19.034	[31merror[0m	D:/games/ga/gin-vue-admin-main/server/api/v1/system/sys_user.go:213	ä¿®æ”¹å¤±è´¥!	{"error": "old password error"}
[github.com/flipped-aurora/gin-vue-admin/server]2025-06-12 20:02:36.293	[31merror[0m	D:/games/ga/gin-vue-admin-main/server/api/v1/system/sys_user.go:213	ä¿®æ”¹å¤±è´¥!	{"error": "old password error"}
[github.com/flipped-aurora/gin-vue-admin/server]2025-06-12 20:05:41.663	[31merror[0m	D:/games/ga/gin-vue-admin-main/server/api/v1/system/sys_user.go:219	ä¿®æ”¹å¤±è´¥!	{"error": "old password error"}
[github.com/flipped-aurora/gin-vue-admin/server]2025-06-12 20:19:23.630	[31merror[0m	D:/games/ga/gin-vue-admin-main/server/api/v1/system/sys_user.go:203	ä¿®æ”¹å¤±è´¥!	{"error": "old password error"}
[github.com/flipped-aurora/gin-vue-admin/server]2025-06-12 20:23:06.250	[31merror[0m	D:/games/ga/gin-vue-admin-main/server/api/v1/system/sys_user.go:63	ç™»é™†å¤±è´¥! ç”¨æˆ·åä¸å­˜åœ¨æˆ–è€…å¯†ç é”™è¯¯!	{"error": "password error"}
[github.com/flipped-aurora/gin-vue-admin/server]2025-06-12 20:23:11.546	[31merror[0m	D:/games/ga/gin-vue-admin-main/server/api/v1/system/sys_user.go:63	ç™»é™†å¤±è´¥! ç”¨æˆ·åä¸å­˜åœ¨æˆ–è€…å¯†ç é”™è¯¯!	{"error": "password error"}
[github.com/flipped-aurora/gin-vue-admin/server]2025-06-12 20:26:05.082	[31merror[0m	D:/games/ga/gin-vue-admin-main/server/api/v1/system/sys_user.go:539	ç™»é™†å¤±è´¥! ç”¨æˆ·åä¸å­˜åœ¨æˆ–è€…å¯†ç é”™è¯¯!	{"error": "record not found"}
